# JRE version: OpenJDK Runtime Environment (17.0.10+13) (build 17.0.10+13-LTS)
# Java VM: OpenJDK 64-Bit Server VM (17.0.10+13-LTS, mixed mode, sharing, tiered, compressed oops, compressed class ptrs, g1 gc, windows-amd64)
GC Precious Log:
 CPUs: 8 total, 8 available
 Memory: 7986M
 Large Page Support: Disabled
 NUMA Support: Disabled
 Compressed Oops: Enabled (32-bit)
 Heap Region Size: 1M
 Heap Min Capacity: 8M
 Heap Initial Capacity: 126M
 Heap Max Capacity: 1998M
 Pre-touch: Disabled
 Parallel Workers: 8
 Concurrent Workers: 2
 Concurrent Refinement Workers: 8
 Periodic GC: Disabled
Heap:
 garbage-first heap   total 94208K, used 37006K [0x0000000083200000, 0x0000000100000000)
  region size 1024K, 19 young (19456K), 6 survivors (6144K)
 Metaspace       used 57895K, committed 58432K, reserved 1114112K
  class space    used 8300K, committed 8576K, reserved 1048576K
GC Heap History (20 events):
Event: 2.870 GC heap before
{Heap before GC invocations=2 (full 0):
 garbage-first heap   total 129024K, used 56836K [0x0000000083200000, 0x0000000100000000)
  region size 1024K, 49 young (50176K), 2 survivors (2048K)
 Metaspace       used 19867K, committed 20160K, reserved 1114112K
  class space    used 2656K, committed 2816K, reserved 1048576K
}
Event: 2.876 GC heap after
{Heap after GC invocations=3 (full 0):
 garbage-first heap   total 129024K, used 13393K [0x0000000083200000, 0x0000000100000000)
  region size 1024K, 6 young (6144K), 6 survivors (6144K)
 Metaspace       used 19867K, committed 20160K, reserved 1114112K
  class space    used 2656K, committed 2816K, reserved 1048576K
}
Event: 3.241 GC heap before
{Heap before GC invocations=3 (full 0):
 garbage-first heap   total 129024K, used 33873K [0x0000000083200000, 0x0000000100000000)
  region size 1024K, 27 young (27648K), 6 survivors (6144K)
 Metaspace       used 21259K, committed 21504K, reserved 1114112K
  class space    used 2876K, committed 3008K, reserved 1048576K
}
Event: 3.248 GC heap after
{Heap after GC invocations=4 (full 0):
 garbage-first heap   total 129024K, used 14595K [0x0000000083200000, 0x0000000100000000)
  region size 1024K, 7 young (7168K), 7 survivors (7168K)
 Metaspace       used 21259K, committed 21504K, reserved 1114112K
  class space    used 2876K, committed 3008K, reserved 1048576K
}
Event: 4.047 GC heap before
{Heap before GC invocations=5 (full 0):
 garbage-first heap   total 55296K, used 41219K [0x0000000083200000, 0x0000000100000000)
  region size 1024K, 34 young (34816K), 7 survivors (7168K)
 Metaspace       used 24753K, committed 25152K, reserved 1114112K
  class space    used 3426K, committed 3584K, reserved 1048576K
}
Event: 4.056 GC heap after
{Heap after GC invocations=6 (full 0):
 garbage-first heap   total 55296K, used 16288K [0x0000000083200000, 0x0000000100000000)
  region size 1024K, 7 young (7168K), 7 survivors (7168K)
 Metaspace       used 24753K, committed 25152K, reserved 1114112K
  class space    used 3426K, committed 3584K, reserved 1048576K
}
Event: 4.085 GC heap before
{Heap before GC invocations=6 (full 0):
 garbage-first heap   total 55296K, used 16288K [0x0000000083200000, 0x0000000100000000)
  region size 1024K, 8 young (8192K), 7 survivors (7168K)
 Metaspace       used 24925K, committed 25280K, reserved 1114112K
  class space    used 3457K, committed 3584K, reserved 1048576K
}
Event: 4.092 GC heap after
{Heap after GC invocations=7 (full 0):
 garbage-first heap   total 55296K, used 16710K [0x0000000083200000, 0x0000000100000000)
  region size 1024K, 1 young (1024K), 1 survivors (1024K)
 Metaspace       used 24925K, committed 25280K, reserved 1114112K
  class space    used 3457K, committed 3584K, reserved 1048576K
}
Event: 4.625 GC heap before
{Heap before GC invocations=7 (full 0):
 garbage-first heap   total 55296K, used 37190K [0x0000000083200000, 0x0000000100000000)
  region size 1024K, 22 young (22528K), 1 survivors (1024K)
 Metaspace       used 28106K, committed 28480K, reserved 1114112K
  class space    used 3921K, committed 4096K, reserved 1048576K
}
Event: 4.630 GC heap after
{Heap after GC invocations=8 (full 0):
 garbage-first heap   total 55296K, used 17946K [0x0000000083200000, 0x0000000100000000)
  region size 1024K, 3 young (3072K), 3 survivors (3072K)
 Metaspace       used 28106K, committed 28480K, reserved 1114112K
  class space    used 3921K, committed 4096K, reserved 1048576K
}
Event: 5.067 GC heap before
{Heap before GC invocations=8 (full 0):
 garbage-first heap   total 55296K, used 37402K [0x0000000083200000, 0x0000000100000000)
  region size 1024K, 23 young (23552K), 3 survivors (3072K)
 Metaspace       used 30986K, committed 31424K, reserved 1114112K
  class space    used 4301K, committed 4480K, reserved 1048576K
}
Event: 5.071 GC heap after
{Heap after GC invocations=9 (full 0):
 garbage-first heap   total 55296K, used 19193K [0x0000000083200000, 0x0000000100000000)
  region size 1024K, 2 young (2048K), 2 survivors (2048K)
 Metaspace       used 30986K, committed 31424K, reserved 1114112K
  class space    used 4301K, committed 4480K, reserved 1048576K
}
Event: 5.529 GC heap before
{Heap before GC invocations=9 (full 0):
 garbage-first heap   total 55296K, used 40697K [0x0000000083200000, 0x0000000100000000)
  region size 1024K, 23 young (23552K), 2 survivors (2048K)
 Metaspace       used 35417K, committed 35968K, reserved 1114112K
  class space    used 5043K, committed 5312K, reserved 1048576K
}
Event: 5.532 GC heap after
{Heap after GC invocations=10 (full 0):
 garbage-first heap   total 55296K, used 19906K [0x0000000083200000, 0x0000000100000000)
  region size 1024K, 3 young (3072K), 3 survivors (3072K)
 Metaspace       used 35417K, committed 35968K, reserved 1114112K
  class space    used 5043K, committed 5312K, reserved 1048576K
}
Event: 5.550 GC heap before
{Heap before GC invocations=10 (full 0):
 garbage-first heap   total 55296K, used 20930K [0x0000000083200000, 0x0000000100000000)
  region size 1024K, 5 young (5120K), 3 survivors (3072K)
 Metaspace       used 35669K, committed 36160K, reserved 1114112K
  class space    used 5083K, committed 5312K, reserved 1048576K
}
Event: 5.554 GC heap after
{Heap after GC invocations=11 (full 0):
 garbage-first heap   total 55296K, used 20067K [0x0000000083200000, 0x0000000100000000)
  region size 1024K, 1 young (1024K), 1 survivors (1024K)
 Metaspace       used 35669K, committed 36160K, reserved 1114112K
  class space    used 5083K, committed 5312K, reserved 1048576K
}
Event: 6.262 GC heap before
{Heap before GC invocations=12 (full 0):
 garbage-first heap   total 55296K, used 42595K [0x0000000083200000, 0x0000000100000000)
  region size 1024K, 23 young (23552K), 1 survivors (1024K)
 Metaspace       used 43958K, committed 44416K, reserved 1114112K
  class space    used 6173K, committed 6400K, reserved 1048576K
}
Event: 6.295 GC heap after
{Heap after GC invocations=13 (full 0):
 garbage-first heap   total 94208K, used 22370K [0x0000000083200000, 0x0000000100000000)
  region size 1024K, 3 young (3072K), 3 survivors (3072K)
 Metaspace       used 43958K, committed 44416K, reserved 1114112K
  class space    used 6173K, committed 6400K, reserved 1048576K
}
Event: 8.096 GC heap before
{Heap before GC invocations=13 (full 0):
 garbage-first heap   total 94208K, used 72546K [0x0000000083200000, 0x0000000100000000)
  region size 1024K, 53 young (54272K), 3 survivors (3072K)
 Metaspace       used 54864K, committed 55360K, reserved 1114112K
  class space    used 7817K, committed 8064K, reserved 1048576K
}
Event: 8.103 GC heap after
{Heap after GC invocations=14 (full 0):
 garbage-first heap   total 94208K, used 24718K [0x0000000083200000, 0x0000000100000000)
  region size 1024K, 6 young (6144K), 6 survivors (6144K)
 Metaspace       used 54864K, committed 55360K, reserved 1114112K
  class space    used 7817K, committed 8064K, reserved 1048576K
}

